Running from: /usr/share/java/jenkins.war
webroot: /root/.jenkins/war
2025-05-23 09:25:04.477+0000 [id=1]	INFO	winstone.Logger#logInternal: Beginning extraction from war file
2025-05-23 09:25:04.612+0000 [id=1]	WARNING	o.e.j.ee9.nested.ContextHandler#setContextPath: Empty contextPath
2025-05-23 09:25:04.758+0000 [id=1]	INFO	org.eclipse.jetty.server.Server#doStart: jetty-12.0.19; built: 2025-04-01T13:28:40.005Z; git: 23436cd577b4238238eb192683dfc2b1476c6b87; jvm 17.0.15+6-Ubuntu-0ubuntu124.04
2025-05-23 09:25:05.887+0000 [id=1]	INFO	o.e.j.e.w.StandardDescriptorProcessor#visitServlet: NO JSP Support for /, did not find org.eclipse.jetty.ee9.jsp.JettyJspServlet
2025-05-23 09:25:05.995+0000 [id=1]	INFO	o.e.j.s.DefaultSessionIdManager#doStart: Session workerName=node0
2025-05-23 09:25:06.994+0000 [id=1]	INFO	hudson.WebAppMain#contextInitialized: Jenkins home directory: /root/.jenkins found at: $user.home/.jenkins
2025-05-23 09:25:07.201+0000 [id=1]	INFO	o.e.j.s.handler.ContextHandler#doStart: Started oeje9n.ContextHandler$CoreContextHandler@4d411036{Jenkins v2.504.1,/,b=file:///root/.jenkins/war/,a=AVAILABLE,h=oeje9n.ContextHandler$CoreContextHandler$CoreToNestedHandler@7adbd080{STARTED}}
2025-05-23 09:25:07.223+0000 [id=1]	INFO	o.e.j.server.AbstractConnector#doStart: Started ServerConnector@4fbdc0f0{HTTP/1.1, (http/1.1)}{0.0.0.0:80}
2025-05-23 09:25:07.243+0000 [id=1]	INFO	org.eclipse.jetty.server.Server#doStart: Started oejs.Server@2928854b{STARTING}[12.0.19,sto=0] @3975ms
2025-05-23 09:25:07.248+0000 [id=24]	INFO	winstone.Logger#logInternal: Winstone Servlet Engine running: controlPort=disabled
2025-05-23 09:25:07.574+0000 [id=23]	INFO	jenkins.model.Jenkins#<init>: Starting version 2.504.1
2025-05-23 09:25:07.822+0000 [id=30]	INFO	jenkins.InitReactorRunner$1#onAttained: Started initialization
2025-05-23 09:25:08.399+0000 [id=30]	INFO	jenkins.InitReactorRunner$1#onAttained: Listed all plugins
2025-05-23 09:25:15.027+0000 [id=30]	INFO	jenkins.InitReactorRunner$1#onAttained: Prepared all plugins
2025-05-23 09:25:15.113+0000 [id=32]	INFO	jenkins.InitReactorRunner$1#onAttained: Started all plugins
2025-05-23 09:25:15.324+0000 [id=29]	INFO	jenkins.InitReactorRunner$1#onAttained: Augmented all extensions
2025-05-23 09:25:15.870+0000 [id=30]	INFO	h.p.b.g.GlobalTimeOutConfiguration#load: global timeout not set
2025-05-23 09:25:18.262+0000 [id=31]	INFO	jenkins.InitReactorRunner$1#onAttained: System config loaded
2025-05-23 09:25:18.331+0000 [id=30]	INFO	jenkins.InitReactorRunner$1#onAttained: System config adapted
2025-05-23 09:25:18.380+0000 [id=31]	INFO	jenkins.InitReactorRunner$1#onAttained: Loaded all jobs
2025-05-23 09:25:18.405+0000 [id=30]	INFO	jenkins.InitReactorRunner$1#onAttained: Configuration for all jobs updated
2025-05-23 09:25:18.489+0000 [id=29]	INFO	jenkins.InitReactorRunner$1#onAttained: Completed initialization
2025-05-23 09:25:18.601+0000 [id=23]	INFO	hudson.lifecycle.Lifecycle#onReady: Jenkins is fully up and running
